\BOOKMARK [1][-]{section.1}{\376\377\000I\000n\000t\000r\000o\000d\000u\000\347\000\343\000o}{}% 1
\BOOKMARK [1][-]{section.2}{\376\377\000F\000u\000n\000d\000a\000m\000e\000n\000t\000a\000\347\000\343\000o\000\040\000T\000e\000\363\000r\000i\000c\000a}{}% 2
\BOOKMARK [2][-]{subsection.2.1}{\376\377\000I\000n\000t\000e\000r\000n\000e\000t\000\040\000d\000a\000s\000\040\000C\000o\000i\000s\000a\000s\000\040\000\050\000I\000o\000T\000\051}{section.2}% 3
\BOOKMARK [2][-]{subsection.2.2}{\376\377\000P\000r\000o\000t\000o\000c\000o\000l\000o\000\040\000M\000Q\000T\000T}{section.2}% 4
\BOOKMARK [2][-]{subsection.2.3}{\376\377\000B\000a\000n\000c\000o\000s\000\040\000d\000e\000\040\000D\000a\000d\000o\000s\000\040\000d\000e\000\040\000S\000\351\000r\000i\000e\000s\000\040\000T\000e\000m\000p\000o\000r\000a\000i\000s}{section.2}% 5
\BOOKMARK [2][-]{subsection.2.4}{\376\377\000M\000i\000c\000r\000o\000c\000o\000n\000t\000r\000o\000l\000a\000d\000o\000r\000\040\000E\000S\000P\0003\0002}{section.2}% 6
\BOOKMARK [2][-]{subsection.2.5}{\376\377\000D\000e\000t\000e\000c\000\347\000\343\000o\000\040\000d\000e\000\040\000Q\000u\000e\000d\000a\000s\000\040\000p\000o\000r\000\040\000A\000c\000e\000l\000e\000r\000o\000m\000e\000t\000r\000i\000a}{section.2}% 7
\BOOKMARK [1][-]{section.3}{\376\377\000M\000a\000t\000e\000r\000i\000a\000i\000s\000\040\000e\000\040\000M\000\351\000t\000o\000d\000o\000s}{}% 8
\BOOKMARK [2][-]{subsection.3.1}{\376\377\000V\000i\000s\000\343\000o\000\040\000G\000e\000r\000a\000l\000\040\000d\000a\000\040\000A\000r\000q\000u\000i\000t\000e\000t\000u\000r\000a}{section.3}% 9
\BOOKMARK [2][-]{subsection.3.2}{\376\377\000C\000a\000m\000a\000d\000a\000\040\000d\000e\000\040\000D\000i\000s\000p\000o\000s\000i\000t\000i\000v\000o\000:\000\040\000E\000S\000P\0003\0002\000\040\000n\000o\000\040\000W\000o\000k\000w\000i}{section.3}% 10
\BOOKMARK [2][-]{subsection.3.3}{\376\377\000C\000a\000m\000a\000d\000a\000\040\000d\000e\000\040\000C\000o\000m\000u\000n\000i\000c\000a\000\347\000\343\000o\000:\000\040\000B\000r\000o\000k\000e\000r\000\040\000M\000Q\000T\000T}{section.3}% 11
\BOOKMARK [2][-]{subsection.3.4}{\376\377\000C\000a\000m\000a\000d\000a\000\040\000d\000e\000\040\000P\000r\000o\000c\000e\000s\000s\000a\000m\000e\000n\000t\000o\000:\000\040\000N\000o\000d\000e\000-\000R\000E\000D}{section.3}% 12
\BOOKMARK [3][-]{subsubsection.3.4.1}{\376\377\000P\000i\000p\000e\000l\000i\000n\000e\000\040\000d\000e\000\040\000A\000c\000e\000l\000e\000r\000a\000\347\000\343\000o}{subsection.3.4}% 13
\BOOKMARK [3][-]{subsubsection.3.4.2}{\376\377\000P\000i\000p\000e\000l\000i\000n\000e\000\040\000d\000e\000\040\000V\000e\000l\000o\000c\000i\000d\000a\000d\000e}{subsection.3.4}% 14
\BOOKMARK [3][-]{subsubsection.3.4.3}{\376\377\000P\000i\000p\000e\000l\000i\000n\000e\000\040\000d\000e\000\040\000A\000l\000e\000r\000t\000a\000s}{subsection.3.4}% 15
\BOOKMARK [2][-]{subsection.3.5}{\376\377\000C\000a\000m\000a\000d\000a\000\040\000d\000e\000\040\000A\000r\000m\000a\000z\000e\000n\000a\000m\000e\000n\000t\000o\000:\000\040\000I\000n\000f\000l\000u\000x\000D\000B}{section.3}% 16
\BOOKMARK [2][-]{subsection.3.6}{\376\377\000C\000a\000m\000a\000d\000a\000\040\000d\000e\000\040\000V\000i\000s\000u\000a\000l\000i\000z\000a\000\347\000\343\000o\000:\000\040\000G\000r\000a\000f\000a\000n\000a}{section.3}% 17
\BOOKMARK [2][-]{subsection.3.7}{\376\377\000I\000n\000f\000r\000a\000e\000s\000t\000r\000u\000t\000u\000r\000a\000\040\000d\000e\000\040\000H\000o\000s\000p\000e\000d\000a\000g\000e\000m\000\040\000e\000\040\000O\000r\000q\000u\000e\000s\000t\000r\000a\000\347\000\343\000o}{section.3}% 18
\BOOKMARK [2][-]{subsection.3.8}{\376\377\000S\000i\000m\000u\000l\000a\000\347\000\343\000o\000\040\000d\000o\000\040\000D\000i\000s\000p\000o\000s\000i\000t\000i\000v\000o\000\040\000p\000a\000r\000a\000\040\000T\000e\000s\000t\000e\000s}{section.3}% 19
\BOOKMARK [1][-]{section.4}{\376\377\000R\000e\000s\000u\000l\000t\000a\000d\000o\000s\000\040\000e\000\040\000D\000i\000s\000c\000u\000s\000s\000\343\000o}{}% 20
\BOOKMARK [2][-]{subsection.4.1}{\376\377\000F\000u\000n\000c\000i\000o\000n\000a\000m\000e\000n\000t\000o\000\040\000d\000o\000\040\000S\000i\000s\000t\000e\000m\000a}{section.4}% 21
\BOOKMARK [2][-]{subsection.4.2}{\376\377\000D\000e\000t\000e\000c\000\347\000\343\000o\000\040\000d\000e\000\040\000Q\000u\000e\000d\000a\000s}{section.4}% 22
\BOOKMARK [2][-]{subsection.4.3}{\376\377\000D\000a\000s\000h\000b\000o\000a\000r\000d\000\040\000d\000e\000\040\000M\000o\000n\000i\000t\000o\000r\000a\000m\000e\000n\000t\000o}{section.4}% 23
\BOOKMARK [2][-]{subsection.4.4}{\376\377\000D\000e\000s\000e\000m\000p\000e\000n\000h\000o\000\040\000d\000a\000\040\000I\000n\000f\000r\000a\000e\000s\000t\000r\000u\000t\000u\000r\000a}{section.4}% 24
\BOOKMARK [2][-]{subsection.4.5}{\376\377\000L\000i\000m\000i\000t\000a\000\347\000\365\000e\000s\000\040\000e\000\040\000T\000r\000a\000b\000a\000l\000h\000o\000s\000\040\000F\000u\000t\000u\000r\000o\000s}{section.4}% 25
\BOOKMARK [1][-]{section.5}{\376\377\000C\000o\000n\000c\000l\000u\000s\000\343\000o}{}% 26
